ui-kit/build/intermediates/manifest_merge_blame_file/debug/processDebugManifest/manifest-merger-blame-debug-report.txt
1<?xml version="1.0" encoding="utf-8"?>
2<manifest xmlns:android="http://schemas.android.com/apk/res/android"
3    package="com.anurag.eduai.uikit" >
4
5    <uses-sdk android:minSdkVersion="28" />
6
7    <application>
7-->src\main\AndroidManifest.xml:4:5-14:19
8        <provider
8-->src\main\AndroidManifest.xml:5:9-13:20
9            android:name="androidx.core.content.FileProvider"
9-->src\main\AndroidManifest.xml:6:13-62
10            android:authorities="${applicationId}.eduai.share"
10-->src\main\AndroidManifest.xml:7:13-63
11            android:exported="false"
11-->src\main\AndroidManifest.xml:8:13-37
12            android:grantUriPermissions="true" >
12-->src\main\AndroidManifest.xml:9:13-47
13            <meta-data
13-->src\main\AndroidManifest.xml:10:13-12:61
14                android:name="android.support.FILE_PROVIDER_PATHS"
14-->src\main\AndroidManifest.xml:11:17-67
15                android:resource="@xml/eduai_share_paths" />
15-->src\main\AndroidManifest.xml:12:17-58
16        </provider>
17    </application>
18
19</manifest>